<?xml version="1.0" encoding="UTF-8"?>
<testsuite name="com.example.myservice.MyserviceApplicationTests" tests="1" skipped="0" failures="0" errors="0" timestamp="2024-01-16T14:07:17" hostname="Maliki-club" time="0.193">
  <properties/>
  <testcase name="contextLoads()" classname="com.example.myservice.MyserviceApplicationTests" time="0.193"/>
  <system-out><![CDATA[15:07:16.632 [Test worker] DEBUG org.springframework.boot.test.context.SpringBootTestContextBootstrapper - Neither @ContextConfiguration nor @ContextHierarchy found for test class [MyserviceApplicationTests]: using SpringBootContextLoader
15:07:16.636 [Test worker] DEBUG org.springframework.test.context.support.AbstractContextLoader - Could not detect default resource locations for test class [com.example.myservice.MyserviceApplicationTests]: no resource found for suffixes {-context.xml, Context.groovy}.
15:07:16.636 [Test worker] INFO org.springframework.test.context.support.AnnotationConfigContextLoaderUtils - Could not detect default configuration classes for test class [com.example.myservice.MyserviceApplicationTests]: MyserviceApplicationTests does not declare any static, non-private, non-final, nested classes annotated with @Configuration.
15:07:16.647 [Test worker] DEBUG org.springframework.boot.test.context.SpringBootTestContextBootstrapper - Using ContextCustomizers for test class [MyserviceApplicationTests]: [DisableObservabilityContextCustomizer, PropertyMappingContextCustomizer, Customizer, ExcludeFilterContextCustomizer, DuplicateJsonObjectContextCustomizer, MockitoContextCustomizer, TestRestTemplateContextCustomizer]
15:07:16.679 [Test worker] DEBUG org.springframework.context.annotation.ClassPathScanningCandidateComponentProvider - Identified candidate component class: file [/home/maliki/master/cyber m1/reseau web/kubernetes-minikube/MyService/build/classes/java/main/com/example/myservice/MyServiceApplication.class]
15:07:16.687 [Test worker] INFO org.springframework.boot.test.context.SpringBootTestContextBootstrapper - Found @SpringBootConfiguration com.example.myservice.MyServiceApplication for test class com.example.myservice.MyserviceApplicationTests
15:07:16.735 [Test worker] DEBUG org.springframework.test.context.util.TestContextSpringFactoriesUtils - Skipping candidate TestExecutionListener [org.springframework.test.context.transaction.TransactionalTestExecutionListener] due to a missing dependency. Specify custom TestExecutionListener classes or make the default TestExecutionListener classes and their required dependencies available. Offending class: [org/springframework/transaction/interceptor/TransactionAttributeSource]
15:07:16.736 [Test worker] DEBUG org.springframework.test.context.util.TestContextSpringFactoriesUtils - Skipping candidate TestExecutionListener [org.springframework.test.context.jdbc.SqlScriptsTestExecutionListener] due to a missing dependency. Specify custom TestExecutionListener classes or make the default TestExecutionListener classes and their required dependencies available. Offending class: [org/springframework/transaction/interceptor/TransactionAttribute]
15:07:16.738 [Test worker] DEBUG org.springframework.boot.test.context.SpringBootTestContextBootstrapper - Using TestExecutionListeners for test class [MyserviceApplicationTests]: [ServletTestExecutionListener, DirtiesContextBeforeModesTestExecutionListener, ApplicationEventsTestExecutionListener, MockitoTestExecutionListener, DependencyInjectionTestExecutionListener, DirtiesContextTestExecutionListener, EventPublishingTestExecutionListener, RestDocsTestExecutionListener, MockRestServiceServerResetTestExecutionListener, MockMvcPrintOnlyOnFailureTestExecutionListener, WebDriverTestExecutionListener, MockWebServiceServerTestExecutionListener, ResetMocksTestExecutionListener]
15:07:16.739 [Test worker] DEBUG org.springframework.test.context.support.AbstractDirtiesContextTestExecutionListener - Before test class: class [MyserviceApplicationTests], class annotated with @DirtiesContext [false] with mode [null]

  .   ____          _            __ _ _
 /\\ / ___'_ __ _ _(_)_ __  __ _ \ \ \ \
( ( )\___ | '_ | '_| | '_ \/ _` | \ \ \ \
 \\/  ___)| |_)| | | | | || (_| |  ) ) ) )
  '  |____| .__|_| |_|_| |_\__, | / / / /
 =========|_|==============|___/=/_/_/_/
 :: Spring Boot ::                (v3.0.0)

2024-01-16T15:07:16.886+01:00  INFO 17485 --- [    Test worker] c.e.myservice.MyserviceApplicationTests  : Starting MyserviceApplicationTests using Java 17.0.10-ea with PID 17485 (started by maliki in /home/maliki/master/cyber m1/reseau web/kubernetes-minikube/MyService)
2024-01-16T15:07:16.887+01:00  INFO 17485 --- [    Test worker] c.e.myservice.MyserviceApplicationTests  : No active profile set, falling back to 1 default profile: "default"
2024-01-16T15:07:17.444+01:00  INFO 17485 --- [    Test worker] c.e.myservice.MyserviceApplicationTests  : Started MyserviceApplicationTests in 0.682 seconds (process running for 1.254)
]]></system-out>
  <system-err><![CDATA[]]></system-err>
</testsuite>
